<?xml version="1.0" encoding="utf-8"?><testsuites name="pytest tests"><testsuite name="pytest" errors="0" failures="0" skipped="0" tests="12" time="6.003" timestamp="2026-06-10T19:20:48.860480+00:00" hostname="agent-env-9b236908-687b-4df5-a14b-8329fba2f769"><testcase classname="backend.tests.test_word_explorer.TestAuth" name="test_register_success" time="0.716" /><testcase classname="backend.tests.test_word_explorer.TestAuth" name="test_register_duplicate_fails" time="0.235" /><testcase classname="backend.tests.test_word_explorer.TestAuth" name="test_login_success" time="0.572" /><testcase classname="backend.tests.test_word_explorer.TestAuth" name="test_login_invalid" time="0.241" /><testcase classname="backend.tests.test_word_explorer.TestAuth" name="test_admin_login" time="0.569" /><testcase classname="backend.tests.test_word_explorer.TestAuth" name="test_me_authenticated" time="0.057" /><testcase classname="backend.tests.test_word_explorer.TestAuth" name="test_me_unauthenticated" time="0.308" /><testcase classname="backend.tests.test_word_explorer.TestGame" name="test_load_default_progress" time="0.300" /><testcase classname="backend.tests.test_word_explorer.TestGame" name="test_save_progress_and_verify" time="0.315" /><testcase classname="backend.tests.test_word_explorer.TestGame" name="test_save_requires_auth" time="0.441" /><testcase classname="backend.tests.test_word_explorer.TestGame" name="test_leaderboard" time="0.340" /><testcase classname="backend.tests.test_word_explorer.TestLogout" name="test_logout_clears_session" time="1.518" /></testsuite></testsuites>